time="2022-06-26 19:33:20" level=info msg="Upload C:\\Users\\hezihua\\Desktop\\deploy\\cra-deploy/build/asset-manifest.json => cos://deploy-187186-1253558588/asset-manifest.json\n"
time="2022-06-26 19:33:21" level=info msg="Upload C:\\Users\\hezihua\\Desktop\\deploy\\cra-deploy/build/favicon.ico => cos://deploy-187186-1253558588/favicon.ico\n"
time="2022-06-26 19:33:21" level=info msg="Upload C:\\Users\\hezihua\\Desktop\\deploy\\cra-deploy/build/index.html => cos://deploy-187186-1253558588/index.html\n"
time="2022-06-26 19:33:21" level=info msg="Upload C:\\Users\\hezihua\\Desktop\\deploy\\cra-deploy/build/logo192.png => cos://deploy-187186-1253558588/logo192.png\n"
time="2022-06-26 19:33:21" level=info msg="Upload C:\\Users\\hezihua\\Desktop\\deploy\\cra-deploy/build/logo512.png => cos://deploy-187186-1253558588/logo512.png\n"
time="2022-06-26 19:33:21" level=info msg="Upload C:\\Users\\hezihua\\Desktop\\deploy\\cra-deploy/build/manifest.json => cos://deploy-187186-1253558588/manifest.json\n"
time="2022-06-26 19:33:21" level=info msg="Upload C:\\Users\\hezihua\\Desktop\\deploy\\cra-deploy/build/robots.txt => cos://deploy-187186-1253558588/robots.txt\n"
time="2022-06-26 19:33:21" level=info msg="Upload C:\\Users\\hezihua\\Desktop\\deploy\\cra-deploy/build/static/css/main.073c9b0a.css => cos://deploy-187186-1253558588/static/css/main.073c9b0a.css\n"
time="2022-06-26 19:33:21" level=info msg="Upload C:\\Users\\hezihua\\Desktop\\deploy\\cra-deploy/build/static/css/main.073c9b0a.css.map => cos://deploy-187186-1253558588/static/css/main.073c9b0a.css.map\n"
time="2022-06-26 19:33:21" level=info msg="Upload C:\\Users\\hezihua\\Desktop\\deploy\\cra-deploy/build/static/js/787.cf6a8955.chunk.js => cos://deploy-187186-1253558588/static/js/787.cf6a8955.chunk.js\n"
time="2022-06-26 19:33:22" level=info msg="Upload C:\\Users\\hezihua\\Desktop\\deploy\\cra-deploy/build/static/js/787.cf6a8955.chunk.js.map => cos://deploy-187186-1253558588/static/js/787.cf6a8955.chunk.js.map\n"
time="2022-06-26 19:33:22" level=info msg="Upload C:\\Users\\hezihua\\Desktop\\deploy\\cra-deploy/build/static/js/main.a3facdf8.js => cos://deploy-187186-1253558588/static/js/main.a3facdf8.js\n"
time="2022-06-26 19:33:22" level=info msg="Upload C:\\Users\\hezihua\\Desktop\\deploy\\cra-deploy/build/static/js/main.a3facdf8.js.LICENSE.txt => cos://deploy-187186-1253558588/static/js/main.a3facdf8.js.LICENSE.txt\n"
time="2022-06-26 19:33:22" level=info msg="Upload C:\\Users\\hezihua\\Desktop\\deploy\\cra-deploy/build/static/js/main.a3facdf8.js.map => cos://deploy-187186-1253558588/static/js/main.a3facdf8.js.map\n"
time="2022-06-26 19:33:22" level=info msg="Upload C:\\Users\\hezihua\\Desktop\\deploy\\cra-deploy/build/static/media/logo.6ce24c58023cc2f8fd88fe9d219db6c6.svg => cos://deploy-187186-1253558588/static/media/logo.6ce24c58023cc2f8fd88fe9d219db6c6.svg\n"
time="2022-06-26 19:33:23" level=fatal msg="cospath needs to contain cos://"
time="2022-06-26 19:33:37" level=info msg="Upload C:\\Users\\hezihua\\Desktop\\deploy\\cra-deploy/build/asset-manifest.json => cos://deploy-187186-1253558588/asset-manifest.json\n"
time="2022-06-26 19:33:38" level=info msg="Upload C:\\Users\\hezihua\\Desktop\\deploy\\cra-deploy/build/favicon.ico => cos://deploy-187186-1253558588/favicon.ico\n"
time="2022-06-26 19:33:38" level=info msg="Upload C:\\Users\\hezihua\\Desktop\\deploy\\cra-deploy/build/index.html => cos://deploy-187186-1253558588/index.html\n"
time="2022-06-26 19:33:38" level=info msg="Upload C:\\Users\\hezihua\\Desktop\\deploy\\cra-deploy/build/logo192.png => cos://deploy-187186-1253558588/logo192.png\n"
time="2022-06-26 19:33:38" level=info msg="Upload C:\\Users\\hezihua\\Desktop\\deploy\\cra-deploy/build/logo512.png => cos://deploy-187186-1253558588/logo512.png\n"
time="2022-06-26 19:33:38" level=info msg="Upload C:\\Users\\hezihua\\Desktop\\deploy\\cra-deploy/build/manifest.json => cos://deploy-187186-1253558588/manifest.json\n"
time="2022-06-26 19:33:38" level=info msg="Upload C:\\Users\\hezihua\\Desktop\\deploy\\cra-deploy/build/robots.txt => cos://deploy-187186-1253558588/robots.txt\n"
time="2022-06-26 19:33:38" level=info msg="Upload C:\\Users\\hezihua\\Desktop\\deploy\\cra-deploy/build/static/css/main.073c9b0a.css => cos://deploy-187186-1253558588/static/css/main.073c9b0a.css\n"
time="2022-06-26 19:33:38" level=info msg="Upload C:\\Users\\hezihua\\Desktop\\deploy\\cra-deploy/build/static/css/main.073c9b0a.css.map => cos://deploy-187186-1253558588/static/css/main.073c9b0a.css.map\n"
time="2022-06-26 19:33:38" level=info msg="Upload C:\\Users\\hezihua\\Desktop\\deploy\\cra-deploy/build/static/js/787.cf6a8955.chunk.js => cos://deploy-187186-1253558588/static/js/787.cf6a8955.chunk.js\n"
time="2022-06-26 19:33:38" level=info msg="Upload C:\\Users\\hezihua\\Desktop\\deploy\\cra-deploy/build/static/js/787.cf6a8955.chunk.js.map => cos://deploy-187186-1253558588/static/js/787.cf6a8955.chunk.js.map\n"
time="2022-06-26 19:33:38" level=info msg="Upload C:\\Users\\hezihua\\Desktop\\deploy\\cra-deploy/build/static/js/main.a3facdf8.js => cos://deploy-187186-1253558588/static/js/main.a3facdf8.js\n"
time="2022-06-26 19:33:39" level=info msg="Upload C:\\Users\\hezihua\\Desktop\\deploy\\cra-deploy/build/static/js/main.a3facdf8.js.LICENSE.txt => cos://deploy-187186-1253558588/static/js/main.a3facdf8.js.LICENSE.txt\n"
time="2022-06-26 19:33:39" level=info msg="Upload C:\\Users\\hezihua\\Desktop\\deploy\\cra-deploy/build/static/js/main.a3facdf8.js.map => cos://deploy-187186-1253558588/static/js/main.a3facdf8.js.map\n"
time="2022-06-26 19:33:39" level=info msg="Upload C:\\Users\\hezihua\\Desktop\\deploy\\cra-deploy/build/static/media/logo.6ce24c58023cc2f8fd88fe9d219db6c6.svg => cos://deploy-187186-1253558588/static/media/logo.6ce24c58023cc2f8fd88fe9d219db6c6.svg\n"
time="2022-06-26 19:33:39" level=info msg="Upload C:\\Users\\hezihua\\Desktop\\deploy\\cra-deploy/build/static/css/main.073c9b0a.css => cos://deploy-187186-1253558588/static/css/main.073c9b0a.css\n"
time="2022-06-26 19:33:40" level=info msg="Upload C:\\Users\\hezihua\\Desktop\\deploy\\cra-deploy/build/static/css/main.073c9b0a.css.map => cos://deploy-187186-1253558588/static/css/main.073c9b0a.css.map\n"
time="2022-06-26 19:33:40" level=info msg="Upload C:\\Users\\hezihua\\Desktop\\deploy\\cra-deploy/build/static/js/787.cf6a8955.chunk.js => cos://deploy-187186-1253558588/static/js/787.cf6a8955.chunk.js\n"
time="2022-06-26 19:33:40" level=info msg="Upload C:\\Users\\hezihua\\Desktop\\deploy\\cra-deploy/build/static/js/787.cf6a8955.chunk.js.map => cos://deploy-187186-1253558588/static/js/787.cf6a8955.chunk.js.map\n"
time="2022-06-26 19:33:40" level=info msg="Upload C:\\Users\\hezihua\\Desktop\\deploy\\cra-deploy/build/static/js/main.a3facdf8.js => cos://deploy-187186-1253558588/static/js/main.a3facdf8.js\n"
time="2022-06-26 19:33:41" level=info msg="Upload C:\\Users\\hezihua\\Desktop\\deploy\\cra-deploy/build/static/js/main.a3facdf8.js.LICENSE.txt => cos://deploy-187186-1253558588/static/js/main.a3facdf8.js.LICENSE.txt\n"
time="2022-06-26 19:33:41" level=info msg="Upload C:\\Users\\hezihua\\Desktop\\deploy\\cra-deploy/build/static/js/main.a3facdf8.js.map => cos://deploy-187186-1253558588/static/js/main.a3facdf8.js.map\n"
time="2022-06-26 19:33:41" level=info msg="Upload C:\\Users\\hezihua\\Desktop\\deploy\\cra-deploy/build/static/media/logo.6ce24c58023cc2f8fd88fe9d219db6c6.svg => cos://deploy-187186-1253558588/static/media/logo.6ce24c58023cc2f8fd88fe9d219db6c6.svg\n"
